<?xml version="1.0" encoding="UTF-8"?>
<!-- Generated by org.testng.reporters.JUnitReportReporter -->
<testsuite hostname="USI-3916L" failures="0" tests="2" name="ECommerce.TestCases.ErrorValidation" time="14.162" errors="0" timestamp="2024-08-04T14:33:42 IST" skipped="0">
  <testcase classname="ECommerce.TestCases.ErrorValidation" name="IncorrectPasswordErrorValidation" time="5.605"/>
  <testcase classname="ECommerce.TestCases.ErrorValidation" name="IncorrectPasswordErrorValidation" time="8.557"/>
</testsuite> <!-- ECommerce.TestCases.ErrorValidation -->
