<?xml version="1.0" encoding="UTF-8"?>
<!-- Generated by org.testng.reporters.JUnitReportReporter -->
<testsuite hostname="USI-3916L" failures="0" tests="2" name="ECommerce.TestCases.SubmitOrderTest" time="14.861" errors="0" timestamp="2024-08-05T15:50:22 IST" skipped="0">
  <testcase classname="ECommerce.TestCases.SubmitOrderTest" name="CheckItemPresentInOrdersPage" time="5.838"/>
  <testcase classname="ECommerce.TestCases.SubmitOrderTest" name="SubmitOrder" time="9.023"/>
</testsuite> <!-- ECommerce.TestCases.SubmitOrderTest -->
